<?xml version="1.0" encoding="UTF-8"?>
<!-- Generated by org.testng.reporters.JUnitReportReporter -->
<testsuite skipped="0" hostname="DESKTOP-174HOQR" name="com.testscenarios.HandlingTabs1" tests="1" failures="0" timestamp="2020-11-12T12:19:34 EST" time="30.293" errors="0">
  <testcase name="f" time="30.293" classname="com.testscenarios.HandlingTabs1"/>
  <system-out/>
</testsuite> <!-- com.testscenarios.HandlingTabs1 -->
