<?xml version="1.0" encoding="UTF-8"?>
<!-- Generated by org.testng.reporters.JUnitReportReporter -->
<testsuite skipped="0" hostname="DESKTOP-174HOQR" name="com.testscenarios.Calendar5" tests="1" failures="0" timestamp="2020-11-05T13:07:39 EST" time="24.870" errors="0">
  <testcase name="f" time="24.870" classname="com.testscenarios.Calendar5"/>
  <system-out/>
</testsuite> <!-- com.testscenarios.Calendar5 -->
