<?xml version="1.0" encoding="UTF-8"?>
<!-- Generated by org.testng.reporters.JUnitReportReporter -->
<testsuite skipped="0" hostname="DESKTOP-174HOQR" name="com.testscenarios.Webtable_Justrechargeit" tests="1" failures="0" timestamp="2020-10-22T15:10:10 EDT" time="70.744" errors="0">
  <testcase name="webtable" time="70.744" classname="com.testscenarios.Webtable_Justrechargeit"/>
  <system-out/>
</testsuite> <!-- com.testscenarios.Webtable_Justrechargeit -->
