<?xml version="1.0" encoding="UTF-8"?>
<!-- Generated by org.testng.reporters.JUnitReportReporter -->
<testsuite skipped="0" hostname="DESKTOP-174HOQR" name="com.testscenarios.Webtable3_OrangeHRM" tests="1" failures="0" timestamp="2020-11-13T09:54:31 EST" time="45.611" errors="0">
  <testcase name="f" time="45.611" classname="com.testscenarios.Webtable3_OrangeHRM"/>
  <system-out/>
</testsuite> <!-- com.testscenarios.Webtable3_OrangeHRM -->
