<?xml version="1.0" encoding="UTF-8"?>
<!-- Generated by org.testng.reporters.JUnitReportReporter -->
<testsuite skipped="0" hostname="DESKTOP-174HOQR" name="HandlingPopups" tests="1" failures="0" timestamp="2020-11-12T10:15:00 EST" time="27.717" errors="0">
  <testcase name="f" time="27.717" classname="HandlingPopups"/>
  <system-out/>
</testsuite> <!-- HandlingPopups -->
