<?xml version="1.0" encoding="UTF-8"?>
<!-- Generated by org.testng.reporters.JUnitReportReporter -->
<testsuite skipped="0" hostname="DESKTOP-174HOQR" name="com.testscenarios.Justrechargeit_login" tests="2" failures="0" timestamp="2020-10-19T20:13:03 EDT" time="51.284" errors="0">
  <testcase name="TC_002" time="28.978" classname="com.testscenarios.Justrechargeit_login"/>
  <system-out/>
  <testcase name="TC_001" time="22.306" classname="com.testscenarios.Justrechargeit_login"/>
  <system-out/>
</testsuite> <!-- com.testscenarios.Justrechargeit_login -->
