<?xml version="1.0" encoding="UTF-8"?>
<!-- Generated by org.testng.reporters.JUnitReportReporter -->
<testsuite skipped="0" hostname="DESKTOP-174HOQR" name="com.testscenarios.Actions_Sample" tests="1" failures="0" timestamp="2020-11-13T09:29:22 EST" time="32.353" errors="0">
  <testcase name="f" time="32.353" classname="com.testscenarios.Actions_Sample"/>
  <system-out/>
</testsuite> <!-- com.testscenarios.Actions_Sample -->
