<?xml version="1.0" encoding="UTF-8"?>
<!-- Generated by org.testng.reporters.JUnitReportReporter -->
<testsuite skipped="0" hostname="DESKTOP-174HOQR" name="com.testscenarios.Facebook_Login" tests="4" failures="0" timestamp="2020-10-26T14:06:05 EDT" time="100.514" errors="0">
  <testcase name="f" time="25.025" classname="com.testscenarios.Facebook_Login"/>
  <system-out/>
  <testcase name="f" time="25.299" classname="com.testscenarios.Facebook_Login"/>
  <system-out/>
  <testcase name="f" time="25.016" classname="com.testscenarios.Facebook_Login"/>
  <system-out/>
  <testcase name="f" time="25.174" classname="com.testscenarios.Facebook_Login"/>
  <system-out/>
</testsuite> <!-- com.testscenarios.Facebook_Login -->
