<?xml version="1.0" encoding="UTF-8"?>
<!-- Generated by org.testng.reporters.JUnitReportReporter -->
<testsuite skipped="0" hostname="DESKTOP-174HOQR" name="com.testscenarios.Calendar4" tests="1" failures="0" timestamp="2020-11-10T15:38:13 EST" time="45.467" errors="0">
  <testcase name="f" time="45.467" classname="com.testscenarios.Calendar4"/>
  <system-out/>
</testsuite> <!-- com.testscenarios.Calendar4 -->
