<?xml version="1.0" encoding="UTF-8"?>
<!-- Generated by org.testng.reporters.JUnitReportReporter -->
<testsuite skipped="0" hostname="DESKTOP-174HOQR" name="com.testscenarios.ShearCircle_Scroll" tests="1" failures="0" timestamp="2020-10-18T11:14:52 EDT" time="39.390" errors="0">
  <testcase name="scroll" time="39.390" classname="com.testscenarios.ShearCircle_Scroll"/>
  <system-out/>
</testsuite> <!-- com.testscenarios.ShearCircle_Scroll -->
