<?xml version="1.0" encoding="UTF-8"?>
<!-- Generated by org.testng.reporters.JUnitReportReporter -->
<testsuite skipped="0" hostname="DESKTOP-174HOQR" name="com.testscenarios.Justrechargeit_login" tests="2" failures="0" timestamp="2020-10-18T11:12:58 EDT" time="40.852" errors="0">
  <testcase name="TC_002" time="26.527" classname="com.testscenarios.Justrechargeit_login"/>
  <system-out/>
  <testcase name="TC_001" time="14.325" classname="com.testscenarios.Justrechargeit_login"/>
  <system-out/>
</testsuite> <!-- com.testscenarios.Justrechargeit_login -->
