<?xml version="1.0" encoding="UTF-8"?>
<!-- Generated by org.testng.reporters.JUnitReportReporter -->
<testsuite skipped="0" hostname="DESKTOP-174HOQR" name="com.testscenarios.Webtable2_html" tests="1" failures="0" timestamp="2020-11-04T14:31:34 EST" time="15.602" errors="0">
  <testcase name="f" time="15.602" classname="com.testscenarios.Webtable2_html"/>
  <system-out/>
</testsuite> <!-- com.testscenarios.Webtable2_html -->
