<?xml version="1.0" encoding="UTF-8"?>
<!-- Generated by org.testng.reporters.JUnitReportReporter -->
<testsuite skipped="0" hostname="DESKTOP-174HOQR" name="Assertions1_Sample" tests="2" failures="0" timestamp="2020-10-27T12:04:12 EDT" time="8.423" errors="0">
  <testcase name="validatePageTitle" time="8.410" classname="Assertions1_Sample"/>
  <system-out/>
  <testcase name="testcase1" time="0.013" classname="Assertions1_Sample"/>
  <system-out/>
</testsuite> <!-- Assertions1_Sample -->
