<?xml version="1.0" encoding="UTF-8"?>
<!-- Generated by org.testng.reporters.JUnitReportReporter -->
<testsuite skipped="0" hostname="DESKTOP-174HOQR" name="com.testscenarios.Calendar_Redbus" tests="1" failures="0" timestamp="2020-11-04T19:18:03 EST" time="14.151" errors="0">
  <testcase name="f" time="14.151" classname="com.testscenarios.Calendar_Redbus"/>
  <system-out/>
</testsuite> <!-- com.testscenarios.Calendar_Redbus -->
