<?xml version="1.0" encoding="UTF-8"?>
<!-- Generated by org.testng.reporters.JUnitReportReporter -->
<testsuite skipped="0" hostname="DESKTOP-174HOQR" name="com.testscenarios.OnlineSBI_Handlingwindows" tests="1" failures="0" timestamp="2020-11-12T11:50:37 EST" time="40.140" errors="0">
  <testcase name="f" time="40.140" classname="com.testscenarios.OnlineSBI_Handlingwindows"/>
  <system-out/>
</testsuite> <!-- com.testscenarios.OnlineSBI_Handlingwindows -->
