<?xml version="1.0" encoding="UTF-8"?>
<!-- Generated by org.testng.reporters.JUnitReportReporter -->
<testsuite skipped="0" hostname="DESKTOP-174HOQR" name="com.testscenarios.Actions_DragandDrop1" tests="1" failures="0" timestamp="2020-11-15T13:45:12 EST" time="24.126" errors="0">
  <testcase name="f" time="24.126" classname="com.testscenarios.Actions_DragandDrop1"/>
  <system-out/>
</testsuite> <!-- com.testscenarios.Actions_DragandDrop1 -->
