<?xml version="1.0" encoding="UTF-8"?>
<!-- Generated by org.testng.reporters.JUnitReportReporter -->
<testsuite skipped="0" hostname="DESKTOP-174HOQR" name="com.testscenarios.Expedia" tests="1" failures="0" timestamp="2020-11-09T12:00:46 EST" time="40.169" errors="0">
  <testcase name="f" time="40.169" classname="com.testscenarios.Expedia"/>
  <system-out/>
</testsuite> <!-- com.testscenarios.Expedia -->
