<?xml version="1.0" encoding="UTF-8"?>
<!-- Generated by org.testng.reporters.JUnitReportReporter -->
<testsuite skipped="0" hostname="DESKTOP-174HOQR" name="com.testscenarios.SimpleInterest_DDT" tests="1" failures="0" timestamp="2020-11-17T13:05:45 EST" time="43.698" errors="0">
  <testcase name="f" time="43.698" classname="com.testscenarios.SimpleInterest_DDT"/>
  <system-out/>
</testsuite> <!-- com.testscenarios.SimpleInterest_DDT -->
