<?xml version="1.0" encoding="UTF-8"?>
<!-- Generated by org.testng.reporters.JUnitReportReporter -->
<testsuite skipped="0" hostname="DESKTOP-174HOQR" name="com.testscenarios.Rediff_Register" tests="1" failures="0" timestamp="2020-10-19T10:51:38 EDT" time="86.998" errors="0">
  <testcase name="f" time="86.998" classname="com.testscenarios.Rediff_Register"/>
  <system-out/>
</testsuite> <!-- com.testscenarios.Rediff_Register -->
