<?xml version="1.0" encoding="UTF-8"?>
<!-- Generated by org.testng.reporters.JUnitReportReporter -->
<testsuite skipped="0" hostname="DESKTOP-174HOQR" name="com.testscenarios.HandlingTabs3" tests="1" failures="0" timestamp="2020-11-12T18:48:30 EST" time="49.321" errors="0">
  <testcase name="f" time="49.321" classname="com.testscenarios.HandlingTabs3"/>
  <system-out/>
</testsuite> <!-- com.testscenarios.HandlingTabs3 -->
