<?xml version="1.0" encoding="UTF-8"?>
<!-- Generated by org.testng.reporters.JUnitReportReporter -->
<testsuite skipped="0" hostname="DESKTOP-174HOQR" name="com.testscenarios.Alerts" tests="1" failures="0" timestamp="2020-10-21T11:11:46 EDT" time="46.762" errors="0">
  <testcase name="f" time="46.762" classname="com.testscenarios.Alerts"/>
  <system-out/>
</testsuite> <!-- com.testscenarios.Alerts -->
