<?xml version="1.0" encoding="UTF-8"?>
<!-- Generated by org.testng.reporters.JUnitReportReporter -->
<testsuite skipped="0" hostname="DESKTOP-174HOQR" name="com.testscenarios.Dropdown2_Sample" tests="1" failures="0" timestamp="2020-10-28T14:45:28 EDT" time="20.567" errors="0">
  <testcase name="testcase2" time="20.567" classname="com.testscenarios.Dropdown2_Sample"/>
  <system-out/>
</testsuite> <!-- com.testscenarios.Dropdown2_Sample -->
