<?xml version="1.0" encoding="UTF-8"?>
<!-- Generated by org.testng.reporters.JUnitReportReporter -->
<testsuite skipped="0" hostname="DESKTOP-174HOQR" name="com.testscenarios.Dropdown1_Sample2" tests="1" failures="0" timestamp="2020-11-15T14:43:00 EST" time="11.899" errors="0">
  <testcase name="f" time="11.899" classname="com.testscenarios.Dropdown1_Sample2"/>
  <system-out/>
</testsuite> <!-- com.testscenarios.Dropdown1_Sample2 -->
