<?xml version="1.0" encoding="UTF-8"?>
<!-- Generated by org.testng.reporters.JUnitReportReporter -->
<testsuite skipped="0" hostname="DESKTOP-174HOQR" name="com.testscenarios.HandlingWindows3" tests="1" failures="0" timestamp="2020-11-12T11:00:01 EST" time="29.460" errors="0">
  <testcase name="f" time="29.460" classname="com.testscenarios.HandlingWindows3"/>
  <system-out/>
</testsuite> <!-- com.testscenarios.HandlingWindows3 -->
