<?xml version="1.0" encoding="UTF-8"?>
<!-- Generated by org.testng.reporters.JUnitReportReporter -->
<testsuite skipped="0" hostname="DESKTOP-174HOQR" name="com.testscenarios.Dropdown1_Sample" tests="1" failures="0" timestamp="2020-11-10T12:39:33 EST" time="13.000" errors="0">
  <testcase name="f" time="13.000" classname="com.testscenarios.Dropdown1_Sample"/>
  <system-out/>
</testsuite> <!-- com.testscenarios.Dropdown1_Sample -->
