<?xml version="1.0" encoding="UTF-8"?>
<!-- Generated by org.testng.reporters.JUnitReportReporter -->
<testsuite skipped="0" hostname="DESKTOP-174HOQR" name="com.testscenarios.NYISO3" tests="1" failures="0" timestamp="2020-10-26T11:22:38 EDT" time="20.386" errors="0">
  <testcase name="f" time="20.386" classname="com.testscenarios.NYISO3"/>
  <system-out/>
</testsuite> <!-- com.testscenarios.NYISO3 -->
