<?xml version="1.0" encoding="UTF-8"?>
<!-- Generated by org.testng.reporters.JUnitReportReporter -->
<testsuite skipped="0" hostname="DESKTOP-174HOQR" name="com.testscenarios.Actions_Sample2" tests="1" failures="0" timestamp="2020-11-13T09:41:25 EST" time="32.714" errors="0">
  <testcase name="f" time="32.714" classname="com.testscenarios.Actions_Sample2"/>
  <system-out/>
</testsuite> <!-- com.testscenarios.Actions_Sample2 -->
