<?xml version="1.0" encoding="UTF-8"?>
<!-- Generated by org.testng.reporters.JUnitReportReporter -->
<testsuite skipped="0" hostname="DESKTOP-174HOQR" name="com.testscenarios.DataProviderSample" tests="12" failures="0" timestamp="2020-11-07T18:09:32 EST" time="256.352" errors="0">
  <testcase name="f" time="14.391" classname="com.testscenarios.DataProviderSample"/>
  <system-out/>
  <testcase name="f" time="31.720" classname="com.testscenarios.DataProviderSample"/>
  <system-out/>
  <testcase name="f" time="14.528" classname="com.testscenarios.DataProviderSample"/>
  <system-out/>
  <testcase name="f" time="16.940" classname="com.testscenarios.DataProviderSample"/>
  <system-out/>
  <testcase name="f" time="28.807" classname="com.testscenarios.DataProviderSample"/>
  <system-out/>
  <testcase name="f" time="22.402" classname="com.testscenarios.DataProviderSample"/>
  <system-out/>
  <testcase name="f" time="31.582" classname="com.testscenarios.DataProviderSample"/>
  <system-out/>
  <testcase name="f" time="23.231" classname="com.testscenarios.DataProviderSample"/>
  <system-out/>
  <testcase name="f" time="31.059" classname="com.testscenarios.DataProviderSample"/>
  <system-out/>
  <testcase name="f" time="12.494" classname="com.testscenarios.DataProviderSample"/>
  <system-out/>
  <testcase name="f" time="14.309" classname="com.testscenarios.DataProviderSample"/>
  <system-out/>
  <testcase name="f" time="14.889" classname="com.testscenarios.DataProviderSample"/>
  <system-out/>
</testsuite> <!-- com.testscenarios.DataProviderSample -->
