<?xml version="1.0" encoding="UTF-8"?>
<!-- Generated by org.testng.reporters.JUnitReportReporter -->
<testsuite skipped="0" hostname="DESKTOP-174HOQR" name="com.testscenarios.DataProviderSample2" tests="4" failures="0" timestamp="2020-10-26T17:13:56 EDT" time="0.017" errors="0">
  <testcase name="login" time="0.002" classname="com.testscenarios.DataProviderSample2"/>
  <system-out/>
  <testcase name="login" time="0.011" classname="com.testscenarios.DataProviderSample2"/>
  <system-out/>
  <testcase name="login" time="0.002" classname="com.testscenarios.DataProviderSample2"/>
  <system-out/>
  <testcase name="login" time="0.002" classname="com.testscenarios.DataProviderSample2"/>
  <system-out/>
</testsuite> <!-- com.testscenarios.DataProviderSample2 -->
