<?xml version="1.0" encoding="UTF-8"?>
<!-- Generated by org.testng.reporters.JUnitReportReporter -->
<testsuite skipped="0" hostname="DESKTOP-174HOQR" name="com.testscenarios.Assertions1_Sample" tests="2" failures="0" timestamp="2020-11-07T12:32:39 EST" time="10.056" errors="0">
  <testcase name="testcase1" time="0.019" classname="com.testscenarios.Assertions1_Sample"/>
  <system-out/>
  <testcase name="validatePageTitle" time="10.037" classname="com.testscenarios.Assertions1_Sample"/>
  <system-out/>
</testsuite> <!-- com.testscenarios.Assertions1_Sample -->
