<?xml version="1.0" encoding="UTF-8"?>
<!-- Generated by org.testng.reporters.JUnitReportReporter -->
<testsuite skipped="0" hostname="DESKTOP-174HOQR" name="com.testscenarios.Assertions3_Sample" tests="1" failures="0" timestamp="2020-10-28T17:32:49 EDT" time="30.355" errors="0">
  <testcase name="f" time="30.355" classname="com.testscenarios.Assertions3_Sample"/>
  <system-out/>
</testsuite> <!-- com.testscenarios.Assertions3_Sample -->
