<?xml version="1.0" encoding="UTF-8"?>
<!-- Generated by org.testng.reporters.JUnitReportReporter -->
<testsuite skipped="0" hostname="DESKTOP-174HOQR" name="com.testscenarios.Actions_Mouseover" tests="2" failures="0" timestamp="2020-11-15T11:22:34 EST" time="52.601" errors="0">
  <testcase name="f" time="23.291" classname="com.testscenarios.Actions_Mouseover"/>
  <system-out/>
  <testcase name="mouseover" time="29.310" classname="com.testscenarios.Actions_Mouseover"/>
  <system-out/>
</testsuite> <!-- com.testscenarios.Actions_Mouseover -->
