<?xml version="1.0" encoding="UTF-8"?>
<!-- Generated by org.testng.reporters.JUnitReportReporter -->
<testsuite skipped="0" hostname="DESKTOP-174HOQR" name="com.testscenarios.ShearCircle_Scroll" tests="1" failures="0" timestamp="2020-10-19T14:14:08 EDT" time="45.796" errors="0">
  <testcase name="scroll" time="45.796" classname="com.testscenarios.ShearCircle_Scroll"/>
  <system-out/>
</testsuite> <!-- com.testscenarios.ShearCircle_Scroll -->
