<?xml version="1.0" encoding="UTF-8"?>
<!-- Generated by org.testng.reporters.JUnitReportReporter -->
<testsuite skipped="0" hostname="DESKTOP-174HOQR" name="com.testscenarios.HandlingPopups" tests="1" failures="0" timestamp="2020-11-12T12:41:47 EST" time="26.467" errors="0">
  <testcase name="f" time="26.467" classname="com.testscenarios.HandlingPopups"/>
  <system-out/>
</testsuite> <!-- com.testscenarios.HandlingPopups -->
