<?xml version="1.0" encoding="UTF-8"?>
<!-- Generated by org.testng.reporters.JUnitReportReporter -->
<testsuite skipped="0" hostname="DESKTOP-174HOQR" name="com.testscenarios.Actions_Slider" tests="2" failures="0" timestamp="2020-11-15T11:14:56 EST" time="46.697" errors="0">
  <testcase name="testcase2" time="23.171" classname="com.testscenarios.Actions_Slider"/>
  <system-out/>
  <testcase name="f" time="23.526" classname="com.testscenarios.Actions_Slider"/>
  <system-out/>
</testsuite> <!-- com.testscenarios.Actions_Slider -->
