<?xml version="1.0" encoding="UTF-8"?>
<!-- Generated by org.testng.reporters.JUnitReportReporter -->
<testsuite skipped="0" hostname="DESKTOP-174HOQR" name="com.testscenarios.Frames2_nyiso" tests="1" failures="0" timestamp="2020-10-22T23:36:42 EDT" time="18.926" errors="0">
  <testcase name="nyiso" time="18.926" classname="com.testscenarios.Frames2_nyiso"/>
  <system-out/>
</testsuite> <!-- com.testscenarios.Frames2_nyiso -->
