<?xml version="1.0" encoding="UTF-8"?>
<!-- Generated by org.testng.reporters.JUnitReportReporter -->
<testsuite skipped="0" hostname="DESKTOP-174HOQR" name="com.testscenarios.Toyota_HandlingTabs" tests="1" failures="0" timestamp="2020-11-12T16:04:49 EST" time="27.824" errors="0">
  <testcase name="f" time="27.824" classname="com.testscenarios.Toyota_HandlingTabs"/>
  <system-out/>
</testsuite> <!-- com.testscenarios.Toyota_HandlingTabs -->
