<?xml version="1.0" encoding="UTF-8"?>
<!-- Generated by org.testng.reporters.JUnitReportReporter -->
<testsuite skipped="0" hostname="DESKTOP-174HOQR" name="com.testscenarios.Toyota_HandlingTabs3" tests="1" failures="0" timestamp="2020-11-12T21:17:02 EST" time="41.904" errors="0">
  <testcase name="f" time="41.904" classname="com.testscenarios.Toyota_HandlingTabs3"/>
  <system-out/>
</testsuite> <!-- com.testscenarios.Toyota_HandlingTabs3 -->
