<?xml version="1.0" encoding="UTF-8"?>
<!-- Generated by org.testng.reporters.JUnitReportReporter -->
<testsuite skipped="0" hostname="DESKTOP-174HOQR" name="Webtable5" tests="1" failures="0" timestamp="2020-11-10T16:42:37 EST" time="8.861" errors="0">
  <testcase name="f" time="8.861" classname="Webtable5"/>
  <system-out/>
</testsuite> <!-- Webtable5 -->
