<?xml version="1.0" encoding="UTF-8"?>
<!-- Generated by org.testng.reporters.JUnitReportReporter -->
<testsuite skipped="0" hostname="DESKTOP-174HOQR" name="com.testscenarios.Balaji_login" tests="1" failures="0" timestamp="2020-10-16T17:17:57 EDT" time="38.807" errors="0">
  <testcase name="TC_001" time="38.807" classname="com.testscenarios.Balaji_login"/>
  <system-out/>
</testsuite> <!-- com.testscenarios.Balaji_login -->
