<?xml version="1.0" encoding="UTF-8"?>
<!-- Generated by org.testng.reporters.JUnitReportReporter -->
<testsuite skipped="0" hostname="DESKTOP-174HOQR" name="com.testscenarios.Calendar3" tests="1" failures="0" timestamp="2020-11-10T11:12:31 EST" time="24.729" errors="0">
  <testcase name="f" time="24.729" classname="com.testscenarios.Calendar3"/>
  <system-out/>
</testsuite> <!-- com.testscenarios.Calendar3 -->
