<?xml version="1.0" encoding="UTF-8"?>
<!-- Generated by org.testng.reporters.JUnitReportReporter -->
<testsuite skipped="0" hostname="DESKTOP-174HOQR" name="com.testscenarios.Calendartest" tests="1" failures="0" timestamp="2020-11-05T17:29:37 EST" time="21.882" errors="0">
  <testcase name="f" time="21.882" classname="com.testscenarios.Calendartest"/>
  <system-out/>
</testsuite> <!-- com.testscenarios.Calendartest -->
