<?xml version="1.0" encoding="UTF-8"?>
<!-- Generated by org.testng.reporters.JUnitReportReporter -->
<testsuite skipped="0" hostname="DESKTOP-174HOQR" name="com.testscenarios.Assertions5_Sample" tests="1" failures="0" timestamp="2020-10-27T17:17:04 EDT" time="14.339" errors="0">
  <testcase name="f" time="14.339" classname="com.testscenarios.Assertions5_Sample"/>
  <system-out/>
</testsuite> <!-- com.testscenarios.Assertions5_Sample -->
