<?xml version="1.0" encoding="UTF-8"?>
<!-- Generated by org.testng.reporters.JUnitReportReporter -->
<testsuite skipped="0" hostname="DESKTOP-174HOQR" name="com.testscenarios.Webtable4" tests="1" failures="0" timestamp="2020-11-10T19:00:15 EST" time="11.472" errors="0">
  <testcase name="f" time="11.472" classname="com.testscenarios.Webtable4"/>
  <system-out/>
</testsuite> <!-- com.testscenarios.Webtable4 -->
