<?xml version="1.0" encoding="UTF-8"?>
<!-- Generated by org.testng.reporters.JUnitReportReporter -->
<testsuite skipped="0" hostname="DESKTOP-174HOQR" name="com.testscenarios.Frames_nyiso" tests="1" failures="0" timestamp="2020-10-20T10:39:57 EDT" time="52.102" errors="0">
  <testcase name="f" time="52.102" classname="com.testscenarios.Frames_nyiso"/>
  <system-out/>
</testsuite> <!-- com.testscenarios.Frames_nyiso -->
