<?xml version="1.0" encoding="UTF-8"?>
<!-- Generated by org.testng.reporters.JUnitReportReporter -->
<testsuite skipped="0" hostname="DESKTOP-174HOQR" name="com.testscenarios.Webtable5" tests="1" failures="0" timestamp="2020-11-10T20:51:43 EST" time="34.200" errors="0">
  <testcase name="f" time="34.200" classname="com.testscenarios.Webtable5"/>
  <system-out/>
</testsuite> <!-- com.testscenarios.Webtable5 -->
