<?xml version="1.0" encoding="UTF-8"?>
<!-- Generated by org.testng.reporters.JUnitReportReporter -->
<testsuite skipped="0" hostname="DESKTOP-174HOQR" name="com.testscenarios.Calendar_Balaji" tests="1" failures="0" timestamp="2020-11-05T11:14:40 EST" time="50.418" errors="0">
  <testcase name="f" time="50.418" classname="com.testscenarios.Calendar_Balaji"/>
  <system-out/>
</testsuite> <!-- com.testscenarios.Calendar_Balaji -->
