<?xml version="1.0" encoding="UTF-8"?>
<!-- Generated by org.testng.reporters.JUnitReportReporter -->
<testsuite skipped="0" hostname="DESKTOP-174HOQR" name="com.testscenarios.Frames2_Toyota" tests="1" failures="0" timestamp="2020-11-14T16:29:04 EST" time="31.062" errors="0">
  <testcase name="f" time="31.062" classname="com.testscenarios.Frames2_Toyota"/>
  <system-out/>
</testsuite> <!-- com.testscenarios.Frames2_Toyota -->
