<?xml version="1.0" encoding="UTF-8"?>
<!-- Generated by org.testng.reporters.JUnitReportReporter -->
<testsuite skipped="0" hostname="DESKTOP-174HOQR" name="com.testscenarios.ClassTemplate" tests="1" failures="0" timestamp="2020-10-14T14:23:35 EDT" time="0.006" errors="0">
  <testcase name="f" time="0.006" classname="com.testscenarios.ClassTemplate"/>
  <system-out/>
</testsuite> <!-- com.testscenarios.ClassTemplate -->
