<?xml version="1.0" encoding="UTF-8"?>
<!-- Generated by org.testng.reporters.JUnitReportReporter -->
<testsuite skipped="0" hostname="DESKTOP-174HOQR" name="com.testscenarios.Frames1_nyiso" tests="1" failures="0" timestamp="2020-11-09T12:00:46 EST" time="48.367" errors="0">
  <testcase name="f" time="48.367" classname="com.testscenarios.Frames1_nyiso"/>
  <system-out/>
</testsuite> <!-- com.testscenarios.Frames1_nyiso -->
