<?xml version="1.0" encoding="UTF-8"?>
<!-- Generated by org.testng.reporters.JUnitReportReporter -->
<testsuite skipped="0" hostname="DESKTOP-174HOQR" name="com.testscenarios.Actions_Rightclick" tests="2" failures="0" timestamp="2020-11-15T11:17:37 EST" time="50.550" errors="0">
  <testcase name="rightclick" time="27.222" classname="com.testscenarios.Actions_Rightclick"/>
  <system-out/>
  <testcase name="f" time="23.328" classname="com.testscenarios.Actions_Rightclick"/>
  <system-out/>
</testsuite> <!-- com.testscenarios.Actions_Rightclick -->
