<?xml version="1.0" encoding="UTF-8"?>
<!-- Generated by org.testng.reporters.JUnitReportReporter -->
<testsuite skipped="0" hostname="DESKTOP-174HOQR" name="com.testscenarios.OnlineSBI" tests="1" failures="0" timestamp="2020-11-12T09:21:05 EST" time="28.997" errors="0">
  <testcase name="f" time="28.997" classname="com.testscenarios.OnlineSBI"/>
  <system-out/>
</testsuite> <!-- com.testscenarios.OnlineSBI -->
